2026-04-27 16:47:56,174 [INFO] ============================================================
2026-04-27 16:47:56,174 [INFO] === 開始執行 2026-04-27（昨日：2026-04-24）===
2026-04-27 16:47:56,174 [INFO] ============================================================
2026-04-27 16:47:56,184 [INFO] ✓ 資料庫初始化完成
2026-04-27 16:47:56,819 [INFO]   ✓ 00981A 統一台股增長: 51 筆
2026-04-27 16:47:59,001 [INFO]   ✓ 00982A 群益台灣強棒: 58 筆
2026-04-27 16:48:01,174 [INFO]   ✓ 00991A 復華未來50: 50 筆
2026-04-27 16:48:03,323 [INFO]   ✓ 00992A 群益科技創新: 51 筆
2026-04-27 16:48:05,511 [INFO]   ✓ 00993A 安聯台灣: 49 筆
2026-04-27 16:48:07,696 [INFO]   ✓ 00980A 野村臺灣優選: 50 筆
2026-04-27 16:48:09,688 [INFO]   ✓ 00985A 野村台灣50: 50 筆
2026-04-27 16:48:11,659 [INFO]   ✓ 00995A 中信台灣卓越: 59 筆
2026-04-27 16:48:13,657 [INFO]   ✓ 00984A 安聯台灣高息: 117 筆
2026-04-27 16:48:15,659 [INFO]   ✓ 00987A 台新優勢成長: 29 筆
2026-04-27 16:48:17,844 [INFO]   ✓ 00994A 第一金台股優: 35 筆
2026-04-27 16:48:19,977 [INFO]   ✓ 00996A 兆豐台灣豐收: 50 筆
2026-04-27 16:48:22,166 [INFO]   ✓ 00400A 國泰動能高息: 55 筆
2026-04-27 16:48:24,305 [INFO]   ✓ 00401A 摩根台灣鑫收: 62 筆
2026-04-27 16:48:25,805 [INFO] 共抓取 766 筆持股（220 支股票）
2026-04-27 16:48:25,805 [INFO] 抓取收盤價...
2026-04-27 16:48:26,687 [INFO] ✓ 取得 172 支收盤價
2026-04-27 16:48:26,712 [INFO] ✓ 儲存 766 筆到資料庫
2026-04-27 16:48:26,712 [INFO] 偵測持股變化...
2026-04-27 16:48:26,716 [INFO] ⚠ 無昨日資料（2026-04-24），跳過變化偵測，明日起自動比對
2026-04-27 16:48:27,592 [INFO] ✓ 基準ETF: ['0050', '009816']
2026-04-27 16:48:27,630 [INFO] ✓ JSON 匯出完成 → data/
2026-04-27 16:48:27,632 [INFO] ✅ 完成！2026-04-27 共 766 筆持股存入資料庫
